{"name": "test_ct03_usuario_invalido[chromium]", "status": "failed", "statusDetails": {"message": "AssertionError: Mensagem 'Invalid credentials' não exibida\nassert False", "trace": "page = <Page url='https://opensource-demo.orangehrmlive.com/web/index.php/auth/login'>\n\n    def test_ct03_usuario_invalido(page):\n        acessar_login(page)\n        page.wait_for_timeout(6000)\n        preencher_login(page, \"\", VALID_PASS)\n        page.wait_for_timeout(6000)\n    \n        visible = page.locator(\"text=Invalid credentials\").is_visible()\n>       assert visible, \"Mensagem 'Invalid credentials' não exibida\"\nE       AssertionError: Mensagem 'Invalid credentials' não exibida\nE       assert False\n\nmore_test.py:54: AssertionError"}, "attachments": [{"name": "test-failed-1.png", "source": "eac1ab04-ff42-4918-a0ce-a2c6dad63804-attachment.png", "type": "image/png"}], "parameters": [{"name": "browser_name", "value": "'chromium'"}], "start": 1767829684072, "stop": 1767829700940, "uuid": "cd06f037-c053-49c5-ba13-53ac61b0e8d9", "historyId": "50e4ecb4fef06bc421a4c47331dd5942", "testCaseId": "17af14af70cfc17732b8b251d1e854a9", "fullName": "pg_test.more_test#test_ct03_usuario_invalido", "labels": [{"name": "parentSuite", "value": "pg_test"}, {"name": "suite", "value": "more_test"}, {"name": "host", "value": "DESKTOP-ZK"}, {"name": "thread", "value": "18764-MainThread"}, {"name": "framework", "value": "pytest"}, {"name": "language", "value": "cpython3"}, {"name": "package", "value": "pg_test.more_test"}], "titlePath": ["pg_test", "more_test.py"]}